<?xml version="1.0" encoding="UTF-8"?>
<testsuite name="com.tawil.calculator.CalculatorTest" tests="1" skipped="0" failures="0" errors="0" timestamp="2023-12-21T22:07:59" hostname="tawiltech-pc" time="0.011">
  <properties/>
  <testcase name="testSum()" classname="com.tawil.calculator.CalculatorTest" time="0.011"/>
  <system-out><![CDATA[]]></system-out>
  <system-err><![CDATA[]]></system-err>
</testsuite>
